<?xml version="1.0" encoding="UTF-8"?>
<!-- Generated by org.testng.reporters.JUnitReportReporter -->
<testsuite hostname="Asick-PC" failures="0" tests="4" name="com.qa.opencart.test.LoginPageTest" time="8.989" errors="0" timestamp="2021-11-29T00:37:33 IST" skipped="0">
  <testcase classname="com.qa.opencart.test.LoginPageTest" name="loginPageTitleTest" time="0.036"/>
  <system-out/>
  <testcase classname="com.qa.opencart.test.LoginPageTest" name="forgettonPWdLinkTest" time="2.893"/>
  <system-out/>
  <testcase classname="com.qa.opencart.test.LoginPageTest" name="loginLinkTest" time="0.151"/>
  <system-out/>
  <testcase classname="com.qa.opencart.test.LoginPageTest" name="loginAppTest" time="5.909"/>
  <system-out/>
</testsuite> <!-- com.qa.opencart.test.LoginPageTest -->
