<?xml version="1.0" encoding="UTF-8"?>
<!-- Generated by org.testng.reporters.JUnitReportReporter -->
<testsuite hostname="Asick-PC" failures="0" tests="1" name="com.qa.ss.test.ListenerInterface" time="51.363" errors="0" timestamp="2021-11-21T21:18:44 IST" skipped="0">
  <testcase classname="com.qa.ss.test.ListenerInterface" name="testMethod" time="51.363"/>
  <system-out/>
</testsuite> <!-- com.qa.ss.test.ListenerInterface -->
