<?xml version="1.0" encoding="UTF-8"?>
<!-- Generated by org.testng.reporters.JUnitReportReporter -->
<testsuite hostname="Asick-PC" failures="0" tests="5" name="com.qa.orange.tests.InvocationCount" time="0.034" errors="0" timestamp="2021-11-21T15:30:30 IST" skipped="0">
  <testcase classname="com.qa.orange.tests.InvocationCount" name="m1" time="0.006"/>
  <system-out/>
  <testcase classname="com.qa.orange.tests.InvocationCount" name="m1" time="0.002"/>
  <system-out/>
  <testcase classname="com.qa.orange.tests.InvocationCount" name="m1" time="0.002"/>
  <system-out/>
  <testcase classname="com.qa.orange.tests.InvocationCount" name="m1" time="0.005"/>
  <system-out/>
  <testcase classname="com.qa.orange.tests.InvocationCount" name="m1" time="0.019"/>
  <system-out/>
</testsuite> <!-- com.qa.orange.tests.InvocationCount -->
