<?xml version="1.0" encoding="UTF-8"?>
<!-- Generated by org.testng.reporters.JUnitReportReporter -->
<testsuite hostname="Asick-PC" failures="0" tests="4" name="com.qa.attribute.test.EnabledAttribute" time="0.017" errors="0" timestamp="2021-11-27T11:36:56 IST" skipped="1">
  <testcase classname="com.qa.attribute.test.EnabledAttribute" name="m1" time="0.014"/>
  <system-out/>
  <testcase classname="com.qa.attribute.test.EnabledAttribute" name="m3" time="0.002"/>
  <system-out/>
  <testcase classname="com.qa.attribute.test.EnabledAttribute" name="m4" time="0.001"/>
  <system-out/>
  <testcase classname="com.qa.attribute.test.EnabledAttribute" name="m2">
    <skipped/>
  </testcase> <!-- m2 -->
  <system-out/>
</testsuite> <!-- com.qa.attribute.test.EnabledAttribute -->
