<?xml version="1.0" encoding="UTF-8"?>
<!-- Generated by org.testng.reporters.JUnitReportReporter -->
<testsuite hostname="Asick-PC" failures="0" tests="6" name="com.qa.orange.tests.Attributes" time="0.026" errors="0" timestamp="2021-11-21T15:25:05 IST" skipped="0">
  <testcase classname="com.qa.orange.tests.Attributes" name="Gowtham" time="0.014"/>
  <system-out/>
  <testcase classname="com.qa.orange.tests.Attributes" name="Vicky" time="0.002"/>
  <system-out/>
  <testcase classname="com.qa.orange.tests.Attributes" name="Sai" time="0.002"/>
  <system-out/>
  <testcase classname="com.qa.orange.tests.Attributes" name="Mano" time="0.006"/>
  <system-out/>
  <testcase classname="com.qa.orange.tests.Attributes" name="Palani" time="0.001"/>
  <system-out/>
  <testcase classname="com.qa.orange.tests.Attributes" name="Jothi" time="0.001"/>
  <system-out/>
</testsuite> <!-- com.qa.orange.tests.Attributes -->
