<?xml version="1.0" encoding="UTF-8"?>
<!-- Generated by org.testng.reporters.JUnitReportReporter -->
<testsuite hostname="Asick-PC" failures="0" tests="5" name="com.qa.attribute.test.InvocationCount" time="0.040" errors="0" timestamp="2021-11-27T11:35:56 IST" skipped="0">
  <testcase classname="com.qa.attribute.test.InvocationCount" name="m1" time="0.004"/>
  <system-out/>
  <testcase classname="com.qa.attribute.test.InvocationCount" name="m1" time="0.005"/>
  <system-out/>
  <testcase classname="com.qa.attribute.test.InvocationCount" name="m1" time="0.007"/>
  <system-out/>
  <testcase classname="com.qa.attribute.test.InvocationCount" name="m1" time="0.006"/>
  <system-out/>
  <testcase classname="com.qa.attribute.test.InvocationCount" name="m1" time="0.018"/>
  <system-out/>
</testsuite> <!-- com.qa.attribute.test.InvocationCount -->
