<?xml version="1.0" encoding="UTF-8"?>
<!-- Generated by org.testng.reporters.JUnitReportReporter -->
<testsuite hostname="Asick-PC" failures="0" tests="1" name="com.qa.attribute.test.InvocationTimeout" time="0.691" errors="0" timestamp="2021-11-27T11:52:00 IST" skipped="0">
  <testcase classname="com.qa.attribute.test.InvocationTimeout" name="m1" time="0.691"/>
  <system-out/>
</testsuite> <!-- com.qa.attribute.test.InvocationTimeout -->
