<?xml version="1.0" encoding="UTF-8"?>
<!-- Generated by org.testng.reporters.JUnitReportReporter -->
<testsuite hostname="Asick-PC" failures="0" tests="1" name="com.qa.attribute.test.Descriptions" time="0.016" errors="0" timestamp="2021-11-21T16:30:03 IST" skipped="0">
  <testcase classname="com.qa.attribute.test.Descriptions" name="m1" time="0.016"/>
  <system-out/>
</testsuite> <!-- com.qa.attribute.test.Descriptions -->
