<?xml version="1.0" encoding="UTF-8"?>
<!-- Generated by org.testng.reporters.JUnitReportReporter -->
<testsuite hostname="Asick-PC" failures="0" tests="2" name="com.qa.orange.tests.TestRunner" time="0.029" errors="0" timestamp="2021-11-22T18:22:13 IST" skipped="0">
  <testcase classname="com.qa.orange.tests.TestRunner" name="checkNumber" time="0.019"/>
  <system-out/>
  <testcase classname="com.qa.orange.tests.TestRunner" name="compareTwoString" time="0.010"/>
  <system-out/>
</testsuite> <!-- com.qa.orange.tests.TestRunner -->
