<?xml version="1.0" encoding="UTF-8"?>
<!-- Generated by org.testng.reporters.JUnitReportReporter -->
<testsuite hostname="Asick-PC" failures="0" tests="3" name="com.qa.attribute.test.IgnoreMissingDependency" time="0.015" errors="0" timestamp="2021-11-27T11:57:25 IST" skipped="1">
  <testcase classname="com.qa.attribute.test.IgnoreMissingDependency" name="m2" time="0.013"/>
  <system-out/>
  <testcase classname="com.qa.attribute.test.IgnoreMissingDependency" name="m3" time="0.002"/>
  <system-out/>
  <testcase classname="com.qa.attribute.test.IgnoreMissingDependency" name="m1">
    <skipped/>
  </testcase> <!-- m1 -->
  <system-out/>
</testsuite> <!-- com.qa.attribute.test.IgnoreMissingDependency -->
