<?xml version="1.0" encoding="UTF-8"?>
<!-- Generated by org.testng.reporters.JUnitReportReporter -->
<testsuite hostname="Asick-PC" failures="0" tests="2" name="com.qa.attribute.test.TimeOut" time="1.091" errors="0" timestamp="2021-11-27T11:48:38 IST" skipped="0">
  <testcase classname="com.qa.attribute.test.TimeOut" name="m2" time="0.002"/>
  <system-out/>
  <testcase classname="com.qa.attribute.test.TimeOut" name="m1" time="1.089"/>
  <system-out/>
</testsuite> <!-- com.qa.attribute.test.TimeOut -->
