<?xml version="1.0" encoding="UTF-8"?>
<!-- Generated by org.testng.reporters.JUnitReportReporter -->
<testsuite hostname="Asick-PC" failures="0" tests="6" name="com.qa.attribute.test.PriorityAttribute" time="0.046" errors="0" timestamp="2021-11-27T11:33:39 IST" skipped="0">
  <testcase classname="com.qa.attribute.test.PriorityAttribute" name="Gowtham" time="0.020"/>
  <system-out/>
  <testcase classname="com.qa.attribute.test.PriorityAttribute" name="Vicky" time="0.003"/>
  <system-out/>
  <testcase classname="com.qa.attribute.test.PriorityAttribute" name="Sai" time="0.002"/>
  <system-out/>
  <testcase classname="com.qa.attribute.test.PriorityAttribute" name="Mano" time="0.004"/>
  <system-out/>
  <testcase classname="com.qa.attribute.test.PriorityAttribute" name="Palani" time="0.005"/>
  <system-out/>
  <testcase classname="com.qa.attribute.test.PriorityAttribute" name="Jothi" time="0.012"/>
  <system-out/>
</testsuite> <!-- com.qa.attribute.test.PriorityAttribute -->
