<?xml version="1.0" encoding="UTF-8"?>
<!-- Generated by org.testng.reporters.JUnitReportReporter -->
<testsuite hostname="Asick-PC" failures="0" tests="2" name="com.qa.attribute.test.ExpectedException" time="0.025" errors="0" timestamp="2021-11-27T11:53:32 IST" skipped="0">
  <testcase classname="com.qa.attribute.test.ExpectedException" name="m1" time="0.018"/>
  <system-out/>
  <testcase classname="com.qa.attribute.test.ExpectedException" name="m2" time="0.007"/>
  <system-out/>
</testsuite> <!-- com.qa.attribute.test.ExpectedException -->
