<?xml version="1.0" encoding="UTF-8"?>
<!-- Generated by org.testng.reporters.JUnitReportReporter -->
<testsuite hostname="Asick-PC" failures="0" tests="3" name="com.qa.orange.tests.Annotation" time="0.036" errors="0" timestamp="2021-11-27T09:59:23 IST" skipped="0">
  <testcase classname="com.qa.orange.tests.Annotation" name="test2" time="0.005"/>
  <system-out/>
  <testcase classname="com.qa.orange.tests.Annotation" name="test1" time="0.021"/>
  <system-out/>
  <testcase classname="com.qa.orange.tests.Annotation" name="test3" time="0.010"/>
  <system-out/>
</testsuite> <!-- com.qa.orange.tests.Annotation -->
