<?xml version="1.0" encoding="UTF-8"?>
<!-- Generated by org.testng.reporters.JUnitReportReporter -->
<testsuite hostname="Asick-PC" failures="0" tests="1" name="com.qa.orange.tests.XmlFile" time="0.002" errors="0" timestamp="2021-11-20T19:43:41 IST" skipped="0">
  <testcase classname="com.qa.orange.tests.XmlFile" name="testMethod" time="0.002"/>
  <system-out/>
</testsuite> <!-- com.qa.orange.tests.XmlFile -->
