<?xml version="1.0" encoding="UTF-8"?>
<!-- Generated by org.testng.reporters.JUnitReportReporter -->
<testsuite hostname="Asick-PC" failures="0" tests="1" name="com.qa.orange.tests.LoginOrangeHrm" time="93.032" errors="0" timestamp="2021-11-27T10:11:34 IST" skipped="0">
  <testcase classname="com.qa.orange.tests.LoginOrangeHrm" name="loginApp" time="93.032"/>
  <system-out/>
</testsuite> <!-- com.qa.orange.tests.LoginOrangeHrm -->
