<?xml version="1.0" encoding="UTF-8"?>
<!-- Generated by org.testng.reporters.JUnitReportReporter -->
<testsuite hostname="Asick-PC" failures="0" tests="3" name="com.qa.orange.parallel.TestClass2" time="0.026" errors="0" timestamp="2021-11-27T12:01:43 IST" skipped="0">
  <testcase classname="com.qa.orange.parallel.TestClass2" name="testMethod3" time="0.002"/>
  <system-out/>
  <testcase classname="com.qa.orange.parallel.TestClass2" name="testMethod1" time="0.022"/>
  <system-out/>
  <testcase classname="com.qa.orange.parallel.TestClass2" name="testMethod2" time="0.002"/>
  <system-out/>
</testsuite> <!-- com.qa.orange.parallel.TestClass2 -->
